<?xml version="1.0" encoding="UTF-8"?>
<testng-results ignored="0" total="0" passed="0" failed="0" skipped="0">
  <reporter-output>
  </reporter-output>
  <suite started-at="2020-12-26T17:57:18Z" name="service.TestDataReader" finished-at="2020-12-26T17:57:18Z" duration-ms="12">
    <groups>
    </groups>
    <test started-at="2020-12-26T17:57:18Z" name="Command line test" finished-at="2020-12-26T17:57:18Z" duration-ms="12">
    </test> <!-- Command line test -->
  </suite> <!-- service.TestDataReader -->
</testng-results>
