<?xml version="1.0" encoding="UTF-8"?>
<testng-results ignored="0" total="2" passed="2" failed="0" skipped="0">
  <reporter-output>
  </reporter-output>
  <suite started-at="2021-01-01T19:48:44Z" name="Default Suite" finished-at="2021-01-01T19:48:58Z" duration-ms="14161">
    <groups>
      <group name="New_page">
        <method signature="RepositoryManagementTests.newProjectsAreEmpty()[pri:0, instance:test.RepositoryManagementTests@68ceda24]" name="newProjectsAreEmpty" class="test.RepositoryManagementTests"/>
        <method signature="RepositoryManagementTests.oneCanCreateProject()[pri:0, instance:test.RepositoryManagementTests@68ceda24]" name="oneCanCreateProject" class="test.RepositoryManagementTests"/>
      </group> <!-- New_page -->
    </groups>
    <test started-at="2021-01-01T19:48:44Z" name="hybrid_frame" finished-at="2021-01-01T19:48:58Z" duration-ms="14161">
      <class name="test.RepositoryManagementTests">
        <test-method is-config="true" signature="setEnv()[pri:0, instance:test.RepositoryManagementTests@68ceda24]" started-at="2021-01-01T19:48:44Z" name="setEnv" finished-at="2021-01-01T19:48:44Z" duration-ms="13" status="PASS">
          <reporter-output>
          </reporter-output>
        </test-method> <!-- setEnv -->
        <test-method is-config="true" signature="setup()[pri:0, instance:test.RepositoryManagementTests@68ceda24]" started-at="2021-01-01T19:48:44Z" name="setup" finished-at="2021-01-01T19:48:50Z" duration-ms="6338" status="PASS">
          <reporter-output>
          </reporter-output>
        </test-method> <!-- setup -->
        <test-method is-config="true" signature="createRepository()[pri:0, instance:test.RepositoryManagementTests@68ceda24]" started-at="2021-01-01T19:48:50Z" name="createRepository" finished-at="2021-01-01T19:48:57Z" duration-ms="7030" status="PASS">
          <reporter-output>
          </reporter-output>
        </test-method> <!-- createRepository -->
        <test-method signature="newProjectsAreEmpty()[pri:0, instance:test.RepositoryManagementTests@68ceda24]" started-at="2021-01-01T19:48:57Z" name="newProjectsAreEmpty" finished-at="2021-01-01T19:48:58Z" duration-ms="52" status="PASS">
          <reporter-output>
          </reporter-output>
        </test-method> <!-- newProjectsAreEmpty -->
        <test-method signature="oneCanCreateProject()[pri:0, instance:test.RepositoryManagementTests@68ceda24]" started-at="2021-01-01T19:48:58Z" name="oneCanCreateProject" finished-at="2021-01-01T19:48:58Z" duration-ms="38" status="PASS">
          <reporter-output>
          </reporter-output>
        </test-method> <!-- oneCanCreateProject -->
        <test-method is-config="true" signature="teardown()[pri:0, instance:test.RepositoryManagementTests@68ceda24]" started-at="2021-01-01T19:48:58Z" name="teardown" finished-at="2021-01-01T19:48:58Z" duration-ms="680" status="PASS">
          <reporter-output>
          </reporter-output>
        </test-method> <!-- teardown -->
      </class> <!-- test.RepositoryManagementTests -->
    </test> <!-- hybrid_frame -->
  </suite> <!-- Default Suite -->
</testng-results>
